[2024-07-07T11:32:03.676+0000] {local_task_job_runner.py:120} INFO - ::group::Pre task execution logs
[2024-07-07T11:32:03.920+0000] {taskinstance.py:2076} INFO - Dependencies all met for dep_context=non-requeueable deps ti=<TaskInstance: example_complex.create_tag_template manual__2024-07-07T11:31:48.695697+00:00 [queued]>
[2024-07-07T11:32:04.012+0000] {taskinstance.py:2076} INFO - Dependencies all met for dep_context=requeueable deps ti=<TaskInstance: example_complex.create_tag_template manual__2024-07-07T11:31:48.695697+00:00 [queued]>
[2024-07-07T11:32:04.012+0000] {taskinstance.py:2306} INFO - Starting attempt 1 of 1
[2024-07-07T11:32:04.052+0000] {taskinstance.py:2330} INFO - Executing <Task(BashOperator): create_tag_template> on 2024-07-07 11:31:48.695697+00:00
[2024-07-07T11:32:04.113+0000] {standard_task_runner.py:90} INFO - Running: ['***', 'tasks', 'run', 'example_complex', 'create_tag_template', 'manual__2024-07-07T11:31:48.695697+00:00', '--job-id', '12', '--raw', '--subdir', '/home/***/.local/lib/python3.12/site-packages/***/example_dags/example_complex.py', '--cfg-path', '/tmp/tmpr3qt8uiq']
[2024-07-07T11:32:04.144+0000] {standard_task_runner.py:91} INFO - Job 12: Subtask create_tag_template
[2024-07-07T11:32:04.157+0000] {logging_mixin.py:188} WARNING - /home/***/.local/lib/python3.12/site-packages/***/task/task_runner/standard_task_runner.py:61 DeprecationWarning: This process (pid=32270) is multi-threaded, use of fork() may lead to deadlocks in the child.
[2024-07-07T11:32:04.157+0000] {standard_task_runner.py:63} INFO - Started process 32392 to run task
[2024-07-07T11:32:04.561+0000] {task_command.py:426} INFO - Running <TaskInstance: example_complex.create_tag_template manual__2024-07-07T11:31:48.695697+00:00 [running]> on host 64c03b0d339f
[2024-07-07T11:32:04.966+0000] {taskinstance.py:2648} INFO - Exporting env vars: AIRFLOW_CTX_DAG_OWNER='***' AIRFLOW_CTX_DAG_ID='example_complex' AIRFLOW_CTX_TASK_ID='create_tag_template' AIRFLOW_CTX_EXECUTION_DATE='2024-07-07T11:31:48.695697+00:00' AIRFLOW_CTX_TRY_NUMBER='1' AIRFLOW_CTX_DAG_RUN_ID='manual__2024-07-07T11:31:48.695697+00:00'
[2024-07-07T11:32:04.968+0000] {taskinstance.py:430} INFO - ::endgroup::
[2024-07-07T11:32:04.968+0000] {subprocess.py:63} INFO - Tmp dir root location: /tmp
[2024-07-07T11:32:04.969+0000] {subprocess.py:75} INFO - Running command: ['/usr/bin/bash', '-c', 'echo create_tag_template']
[2024-07-07T11:32:05.065+0000] {subprocess.py:86} INFO - Output:
[2024-07-07T11:32:05.074+0000] {subprocess.py:93} INFO - create_tag_template
[2024-07-07T11:32:05.088+0000] {subprocess.py:97} INFO - Command exited with return code 0
[2024-07-07T11:32:05.089+0000] {taskinstance.py:441} INFO - ::group::Post task execution logs
[2024-07-07T11:32:05.136+0000] {taskinstance.py:1206} INFO - Marking task as SUCCESS. dag_id=example_complex, task_id=create_tag_template, run_id=manual__2024-07-07T11:31:48.695697+00:00, execution_date=20240707T113148, start_date=20240707T113203, end_date=20240707T113205
[2024-07-07T11:32:05.305+0000] {local_task_job_runner.py:240} INFO - Task exited with return code 0
[2024-07-07T11:32:05.389+0000] {taskinstance.py:3503} INFO - 5 downstream tasks scheduled from follow-on schedule check
[2024-07-07T11:32:05.399+0000] {local_task_job_runner.py:222} INFO - ::endgroup::
