[2024-07-22T13:03:44.212+0000] {local_task_job_runner.py:120} INFO - ::group::Pre task execution logs
[2024-07-22T13:03:44.280+0000] {taskinstance.py:2076} INFO - Dependencies all met for dep_context=non-requeueable deps ti=<TaskInstance: neon_pj.query manual__2024-07-22T12:56:06.487923+00:00 [queued]>
[2024-07-22T13:03:44.289+0000] {taskinstance.py:2076} INFO - Dependencies all met for dep_context=requeueable deps ti=<TaskInstance: neon_pj.query manual__2024-07-22T12:56:06.487923+00:00 [queued]>
[2024-07-22T13:03:44.290+0000] {taskinstance.py:2306} INFO - Starting attempt 2 of 2
[2024-07-22T13:03:44.309+0000] {taskinstance.py:2330} INFO - Executing <Task(PythonOperator): query> on 2024-07-22 12:56:06.487923+00:00
[2024-07-22T13:03:44.324+0000] {logging_mixin.py:188} WARNING - /home/***/.local/lib/python3.12/site-packages/***/task/task_runner/standard_task_runner.py:61 DeprecationWarning: This process (pid=18870) is multi-threaded, use of fork() may lead to deadlocks in the child.
[2024-07-22T13:03:44.330+0000] {standard_task_runner.py:63} INFO - Started process 18881 to run task
[2024-07-22T13:03:44.328+0000] {standard_task_runner.py:90} INFO - Running: ['***', 'tasks', 'run', 'neon_pj', 'query', 'manual__2024-07-22T12:56:06.487923+00:00', '--job-id', '3', '--raw', '--subdir', 'DAGS_FOLDER/neon_pj.py', '--cfg-path', '/tmp/tmpyombc3y5']
[2024-07-22T13:03:44.331+0000] {standard_task_runner.py:91} INFO - Job 3: Subtask query
[2024-07-22T13:03:44.390+0000] {task_command.py:426} INFO - Running <TaskInstance: neon_pj.query manual__2024-07-22T12:56:06.487923+00:00 [running]> on host 3c53d9be62d8
[2024-07-22T13:03:44.662+0000] {taskinstance.py:2648} INFO - Exporting env vars: AIRFLOW_CTX_DAG_OWNER='***' AIRFLOW_CTX_DAG_ID='neon_pj' AIRFLOW_CTX_TASK_ID='query' AIRFLOW_CTX_EXECUTION_DATE='2024-07-22T12:56:06.487923+00:00' AIRFLOW_CTX_TRY_NUMBER='2' AIRFLOW_CTX_DAG_RUN_ID='manual__2024-07-22T12:56:06.487923+00:00'
[2024-07-22T13:03:44.664+0000] {taskinstance.py:430} INFO - ::endgroup::
[2024-07-22T13:03:44.680+0000] {base.py:84} INFO - Using connection ID 'neon_pj' for task execution.
[2024-07-22T13:03:44.789+0000] {logging_mixin.py:188} INFO - (2564, 'ปทุมธานี', 565341)
[2024-07-22T13:03:44.790+0000] {logging_mixin.py:188} INFO - (2565, 'นนทบุรี', 134960)
[2024-07-22T13:03:44.790+0000] {python.py:237} INFO - Done. Returned value was: None
[2024-07-22T13:03:44.791+0000] {taskinstance.py:441} INFO - ::group::Post task execution logs
[2024-07-22T13:03:44.801+0000] {taskinstance.py:1206} INFO - Marking task as SUCCESS. dag_id=neon_pj, task_id=query, run_id=manual__2024-07-22T12:56:06.487923+00:00, execution_date=20240722T125606, start_date=20240722T130344, end_date=20240722T130344
[2024-07-22T13:03:44.871+0000] {local_task_job_runner.py:240} INFO - Task exited with return code 0
[2024-07-22T13:03:44.884+0000] {taskinstance.py:3503} INFO - 0 downstream tasks scheduled from follow-on schedule check
[2024-07-22T13:03:44.891+0000] {local_task_job_runner.py:222} INFO - ::endgroup::
