[2024-07-07T11:32:17.834+0000] {local_task_job_runner.py:120} INFO - ::group::Pre task execution logs
[2024-07-07T11:32:17.876+0000] {taskinstance.py:2076} INFO - Dependencies all met for dep_context=non-requeueable deps ti=<TaskInstance: example_complex.create_tag_template_field_result2 manual__2024-07-07T11:31:48.695697+00:00 [queued]>
[2024-07-07T11:32:17.885+0000] {taskinstance.py:2076} INFO - Dependencies all met for dep_context=requeueable deps ti=<TaskInstance: example_complex.create_tag_template_field_result2 manual__2024-07-07T11:31:48.695697+00:00 [queued]>
[2024-07-07T11:32:17.886+0000] {taskinstance.py:2306} INFO - Starting attempt 1 of 1
[2024-07-07T11:32:17.907+0000] {taskinstance.py:2330} INFO - Executing <Task(BashOperator): create_tag_template_field_result2> on 2024-07-07 11:31:48.695697+00:00
[2024-07-07T11:32:17.939+0000] {standard_task_runner.py:90} INFO - Running: ['***', 'tasks', 'run', 'example_complex', 'create_tag_template_field_result2', 'manual__2024-07-07T11:31:48.695697+00:00', '--job-id', '22', '--raw', '--subdir', '/home/***/.local/lib/python3.12/site-packages/***/example_dags/example_complex.py', '--cfg-path', '/tmp/tmpwmjuylpn']
[2024-07-07T11:32:17.943+0000] {standard_task_runner.py:91} INFO - Job 22: Subtask create_tag_template_field_result2
[2024-07-07T11:32:17.934+0000] {logging_mixin.py:188} WARNING - /home/***/.local/lib/python3.12/site-packages/***/task/task_runner/standard_task_runner.py:61 DeprecationWarning: This process (pid=32491) is multi-threaded, use of fork() may lead to deadlocks in the child.
[2024-07-07T11:32:17.955+0000] {standard_task_runner.py:63} INFO - Started process 32523 to run task
[2024-07-07T11:32:18.100+0000] {task_command.py:426} INFO - Running <TaskInstance: example_complex.create_tag_template_field_result2 manual__2024-07-07T11:31:48.695697+00:00 [running]> on host 64c03b0d339f
[2024-07-07T11:32:18.393+0000] {taskinstance.py:2648} INFO - Exporting env vars: AIRFLOW_CTX_DAG_OWNER='***' AIRFLOW_CTX_DAG_ID='example_complex' AIRFLOW_CTX_TASK_ID='create_tag_template_field_result2' AIRFLOW_CTX_EXECUTION_DATE='2024-07-07T11:31:48.695697+00:00' AIRFLOW_CTX_TRY_NUMBER='1' AIRFLOW_CTX_DAG_RUN_ID='manual__2024-07-07T11:31:48.695697+00:00'
[2024-07-07T11:32:18.394+0000] {taskinstance.py:430} INFO - ::endgroup::
[2024-07-07T11:32:18.407+0000] {subprocess.py:63} INFO - Tmp dir root location: /tmp
[2024-07-07T11:32:18.408+0000] {subprocess.py:75} INFO - Running command: ['/usr/bin/bash', '-c', 'echo create_tag_template_field_result']
[2024-07-07T11:32:18.566+0000] {subprocess.py:86} INFO - Output:
[2024-07-07T11:32:18.568+0000] {subprocess.py:93} INFO - create_tag_template_field_result
[2024-07-07T11:32:18.571+0000] {subprocess.py:97} INFO - Command exited with return code 0
[2024-07-07T11:32:18.572+0000] {taskinstance.py:441} INFO - ::group::Post task execution logs
[2024-07-07T11:32:18.627+0000] {taskinstance.py:1206} INFO - Marking task as SUCCESS. dag_id=example_complex, task_id=create_tag_template_field_result2, run_id=manual__2024-07-07T11:31:48.695697+00:00, execution_date=20240707T113148, start_date=20240707T113217, end_date=20240707T113218
[2024-07-07T11:32:18.706+0000] {local_task_job_runner.py:240} INFO - Task exited with return code 0
[2024-07-07T11:32:18.737+0000] {taskinstance.py:3503} INFO - 0 downstream tasks scheduled from follow-on schedule check
[2024-07-07T11:32:18.748+0000] {local_task_job_runner.py:222} INFO - ::endgroup::
