[2024-07-07T15:06:17.704+0000] {local_task_job_runner.py:120} INFO - ::group::Pre task execution logs
[2024-07-07T15:06:17.758+0000] {taskinstance.py:2076} INFO - Dependencies all met for dep_context=non-requeueable deps ti=<TaskInstance: my_first_dag.echo_hello manual__2024-07-07T15:06:14.832820+00:00 [queued]>
[2024-07-07T15:06:17.770+0000] {taskinstance.py:2076} INFO - Dependencies all met for dep_context=requeueable deps ti=<TaskInstance: my_first_dag.echo_hello manual__2024-07-07T15:06:14.832820+00:00 [queued]>
[2024-07-07T15:06:17.771+0000] {taskinstance.py:2306} INFO - Starting attempt 1 of 1
[2024-07-07T15:06:17.823+0000] {taskinstance.py:2330} INFO - Executing <Task(BashOperator): echo_hello> on 2024-07-07 15:06:14.832820+00:00
[2024-07-07T15:06:17.837+0000] {logging_mixin.py:188} WARNING - /home/***/.local/lib/python3.12/site-packages/***/task/task_runner/standard_task_runner.py:61 DeprecationWarning: This process (pid=144446) is multi-threaded, use of fork() may lead to deadlocks in the child.
[2024-07-07T15:06:17.859+0000] {standard_task_runner.py:63} INFO - Started process 144454 to run task
[2024-07-07T15:06:17.853+0000] {standard_task_runner.py:90} INFO - Running: ['***', 'tasks', 'run', 'my_first_dag', 'echo_hello', 'manual__2024-07-07T15:06:14.832820+00:00', '--job-id', '47', '--raw', '--subdir', 'DAGS_FOLDER/my_first_dag.py', '--cfg-path', '/tmp/tmpo0fpkjfy']
[2024-07-07T15:06:17.860+0000] {standard_task_runner.py:91} INFO - Job 47: Subtask echo_hello
[2024-07-07T15:06:18.019+0000] {task_command.py:426} INFO - Running <TaskInstance: my_first_dag.echo_hello manual__2024-07-07T15:06:14.832820+00:00 [running]> on host 64c03b0d339f
[2024-07-07T15:06:18.206+0000] {taskinstance.py:2648} INFO - Exporting env vars: AIRFLOW_CTX_DAG_OWNER='***' AIRFLOW_CTX_DAG_ID='my_first_dag' AIRFLOW_CTX_TASK_ID='echo_hello' AIRFLOW_CTX_EXECUTION_DATE='2024-07-07T15:06:14.832820+00:00' AIRFLOW_CTX_TRY_NUMBER='1' AIRFLOW_CTX_DAG_RUN_ID='manual__2024-07-07T15:06:14.832820+00:00'
[2024-07-07T15:06:18.208+0000] {taskinstance.py:430} INFO - ::endgroup::
[2024-07-07T15:06:18.209+0000] {subprocess.py:63} INFO - Tmp dir root location: /tmp
[2024-07-07T15:06:18.210+0000] {subprocess.py:75} INFO - Running command: ['/usr/bin/bash', '-c', "echo 'hello'"]
[2024-07-07T15:06:18.242+0000] {subprocess.py:86} INFO - Output:
[2024-07-07T15:06:18.245+0000] {subprocess.py:93} INFO - hello
[2024-07-07T15:06:18.246+0000] {subprocess.py:97} INFO - Command exited with return code 0
[2024-07-07T15:06:18.247+0000] {taskinstance.py:441} INFO - ::group::Post task execution logs
[2024-07-07T15:06:18.281+0000] {taskinstance.py:1206} INFO - Marking task as SUCCESS. dag_id=my_first_dag, task_id=echo_hello, run_id=manual__2024-07-07T15:06:14.832820+00:00, execution_date=20240707T150614, start_date=20240707T150617, end_date=20240707T150618
[2024-07-07T15:06:18.324+0000] {local_task_job_runner.py:240} INFO - Task exited with return code 0
[2024-07-07T15:06:18.347+0000] {taskinstance.py:3503} INFO - 0 downstream tasks scheduled from follow-on schedule check
[2024-07-07T15:06:18.355+0000] {local_task_job_runner.py:222} INFO - ::endgroup::
