[2024-07-07T11:32:18.069+0000] {local_task_job_runner.py:120} INFO - ::group::Pre task execution logs
[2024-07-07T11:32:18.204+0000] {taskinstance.py:2076} INFO - Dependencies all met for dep_context=non-requeueable deps ti=<TaskInstance: example_complex.create_tag manual__2024-07-07T11:31:48.695697+00:00 [queued]>
[2024-07-07T11:32:18.302+0000] {taskinstance.py:2076} INFO - Dependencies all met for dep_context=requeueable deps ti=<TaskInstance: example_complex.create_tag manual__2024-07-07T11:31:48.695697+00:00 [queued]>
[2024-07-07T11:32:18.302+0000] {taskinstance.py:2306} INFO - Starting attempt 1 of 1
[2024-07-07T11:32:18.331+0000] {taskinstance.py:2330} INFO - Executing <Task(BashOperator): create_tag> on 2024-07-07 11:31:48.695697+00:00
[2024-07-07T11:32:18.416+0000] {standard_task_runner.py:90} INFO - Running: ['***', 'tasks', 'run', 'example_complex', 'create_tag', 'manual__2024-07-07T11:31:48.695697+00:00', '--job-id', '25', '--raw', '--subdir', '/home/***/.local/lib/python3.12/site-packages/***/example_dags/example_complex.py', '--cfg-path', '/tmp/tmprjk70i6l']
[2024-07-07T11:32:18.421+0000] {standard_task_runner.py:91} INFO - Job 25: Subtask create_tag
[2024-07-07T11:32:18.414+0000] {logging_mixin.py:188} WARNING - /home/***/.local/lib/python3.12/site-packages/***/task/task_runner/standard_task_runner.py:61 DeprecationWarning: This process (pid=32488) is multi-threaded, use of fork() may lead to deadlocks in the child.
[2024-07-07T11:32:18.429+0000] {standard_task_runner.py:63} INFO - Started process 32532 to run task
[2024-07-07T11:32:18.604+0000] {task_command.py:426} INFO - Running <TaskInstance: example_complex.create_tag manual__2024-07-07T11:31:48.695697+00:00 [running]> on host 64c03b0d339f
[2024-07-07T11:32:18.807+0000] {taskinstance.py:2648} INFO - Exporting env vars: AIRFLOW_CTX_DAG_OWNER='***' AIRFLOW_CTX_DAG_ID='example_complex' AIRFLOW_CTX_TASK_ID='create_tag' AIRFLOW_CTX_EXECUTION_DATE='2024-07-07T11:31:48.695697+00:00' AIRFLOW_CTX_TRY_NUMBER='1' AIRFLOW_CTX_DAG_RUN_ID='manual__2024-07-07T11:31:48.695697+00:00'
[2024-07-07T11:32:18.810+0000] {taskinstance.py:430} INFO - ::endgroup::
[2024-07-07T11:32:18.811+0000] {subprocess.py:63} INFO - Tmp dir root location: /tmp
[2024-07-07T11:32:18.814+0000] {subprocess.py:75} INFO - Running command: ['/usr/bin/bash', '-c', 'echo create_tag']
[2024-07-07T11:32:18.832+0000] {subprocess.py:86} INFO - Output:
[2024-07-07T11:32:18.835+0000] {subprocess.py:93} INFO - create_tag
[2024-07-07T11:32:18.836+0000] {subprocess.py:97} INFO - Command exited with return code 0
[2024-07-07T11:32:18.837+0000] {taskinstance.py:441} INFO - ::group::Post task execution logs
[2024-07-07T11:32:18.867+0000] {taskinstance.py:1206} INFO - Marking task as SUCCESS. dag_id=example_complex, task_id=create_tag, run_id=manual__2024-07-07T11:31:48.695697+00:00, execution_date=20240707T113148, start_date=20240707T113218, end_date=20240707T113218
[2024-07-07T11:32:18.916+0000] {local_task_job_runner.py:240} INFO - Task exited with return code 0
[2024-07-07T11:32:18.962+0000] {taskinstance.py:3503} INFO - 5 downstream tasks scheduled from follow-on schedule check
[2024-07-07T11:32:18.968+0000] {local_task_job_runner.py:222} INFO - ::endgroup::
