[2024-07-07T15:06:35.221+0000] {local_task_job_runner.py:120} INFO - ::group::Pre task execution logs
[2024-07-07T15:06:35.257+0000] {taskinstance.py:2076} INFO - Dependencies all met for dep_context=non-requeueable deps ti=<TaskInstance: my_first_dag.echo_hello manual__2024-07-07T15:06:32.021732+00:00 [queued]>
[2024-07-07T15:06:35.267+0000] {taskinstance.py:2076} INFO - Dependencies all met for dep_context=requeueable deps ti=<TaskInstance: my_first_dag.echo_hello manual__2024-07-07T15:06:32.021732+00:00 [queued]>
[2024-07-07T15:06:35.268+0000] {taskinstance.py:2306} INFO - Starting attempt 1 of 1
[2024-07-07T15:06:35.292+0000] {taskinstance.py:2330} INFO - Executing <Task(BashOperator): echo_hello> on 2024-07-07 15:06:32.021732+00:00
[2024-07-07T15:06:35.306+0000] {logging_mixin.py:188} WARNING - /home/***/.local/lib/python3.12/site-packages/***/task/task_runner/standard_task_runner.py:61 DeprecationWarning: This process (pid=144559) is multi-threaded, use of fork() may lead to deadlocks in the child.
[2024-07-07T15:06:35.307+0000] {standard_task_runner.py:63} INFO - Started process 144578 to run task
[2024-07-07T15:06:35.310+0000] {standard_task_runner.py:90} INFO - Running: ['***', 'tasks', 'run', 'my_first_dag', 'echo_hello', 'manual__2024-07-07T15:06:32.021732+00:00', '--job-id', '50', '--raw', '--subdir', 'DAGS_FOLDER/my_first_dag.py', '--cfg-path', '/tmp/tmpbw02j0y0']
[2024-07-07T15:06:35.312+0000] {standard_task_runner.py:91} INFO - Job 50: Subtask echo_hello
[2024-07-07T15:06:35.426+0000] {task_command.py:426} INFO - Running <TaskInstance: my_first_dag.echo_hello manual__2024-07-07T15:06:32.021732+00:00 [running]> on host 64c03b0d339f
[2024-07-07T15:06:35.552+0000] {taskinstance.py:2648} INFO - Exporting env vars: AIRFLOW_CTX_DAG_OWNER='***' AIRFLOW_CTX_DAG_ID='my_first_dag' AIRFLOW_CTX_TASK_ID='echo_hello' AIRFLOW_CTX_EXECUTION_DATE='2024-07-07T15:06:32.021732+00:00' AIRFLOW_CTX_TRY_NUMBER='1' AIRFLOW_CTX_DAG_RUN_ID='manual__2024-07-07T15:06:32.021732+00:00'
[2024-07-07T15:06:35.553+0000] {taskinstance.py:430} INFO - ::endgroup::
[2024-07-07T15:06:35.554+0000] {subprocess.py:63} INFO - Tmp dir root location: /tmp
[2024-07-07T15:06:35.557+0000] {subprocess.py:75} INFO - Running command: ['/usr/bin/bash', '-c', "echo 'hello'"]
[2024-07-07T15:06:35.576+0000] {subprocess.py:86} INFO - Output:
[2024-07-07T15:06:35.578+0000] {subprocess.py:93} INFO - hello
[2024-07-07T15:06:35.579+0000] {subprocess.py:97} INFO - Command exited with return code 0
[2024-07-07T15:06:35.579+0000] {taskinstance.py:441} INFO - ::group::Post task execution logs
[2024-07-07T15:06:35.623+0000] {taskinstance.py:1206} INFO - Marking task as SUCCESS. dag_id=my_first_dag, task_id=echo_hello, run_id=manual__2024-07-07T15:06:32.021732+00:00, execution_date=20240707T150632, start_date=20240707T150635, end_date=20240707T150635
[2024-07-07T15:06:35.695+0000] {local_task_job_runner.py:240} INFO - Task exited with return code 0
[2024-07-07T15:06:35.725+0000] {taskinstance.py:3503} INFO - 0 downstream tasks scheduled from follow-on schedule check
[2024-07-07T15:06:35.731+0000] {local_task_job_runner.py:222} INFO - ::endgroup::
