[2024-07-07T15:13:10.717+0000] {local_task_job_runner.py:120} INFO - ::group::Pre task execution logs
[2024-07-07T15:13:10.782+0000] {taskinstance.py:2076} INFO - Dependencies all met for dep_context=non-requeueable deps ti=<TaskInstance: my_first_dag.echo_hello manual__2024-07-07T15:13:08.786286+00:00 [queued]>
[2024-07-07T15:13:10.798+0000] {taskinstance.py:2076} INFO - Dependencies all met for dep_context=requeueable deps ti=<TaskInstance: my_first_dag.echo_hello manual__2024-07-07T15:13:08.786286+00:00 [queued]>
[2024-07-07T15:13:10.798+0000] {taskinstance.py:2306} INFO - Starting attempt 1 of 1
[2024-07-07T15:13:10.830+0000] {taskinstance.py:2330} INFO - Executing <Task(BashOperator): echo_hello> on 2024-07-07 15:13:08.786286+00:00
[2024-07-07T15:13:10.844+0000] {logging_mixin.py:188} WARNING - /home/***/.local/lib/python3.12/site-packages/***/task/task_runner/standard_task_runner.py:61 DeprecationWarning: This process (pid=148118) is multi-threaded, use of fork() may lead to deadlocks in the child.
[2024-07-07T15:13:10.841+0000] {standard_task_runner.py:90} INFO - Running: ['***', 'tasks', 'run', 'my_first_dag', 'echo_hello', 'manual__2024-07-07T15:13:08.786286+00:00', '--job-id', '55', '--raw', '--subdir', 'DAGS_FOLDER/my_first_dag.py', '--cfg-path', '/tmp/tmpgjjjsqkh']
[2024-07-07T15:13:10.850+0000] {standard_task_runner.py:91} INFO - Job 55: Subtask echo_hello
[2024-07-07T15:13:10.849+0000] {standard_task_runner.py:63} INFO - Started process 148133 to run task
[2024-07-07T15:13:10.950+0000] {task_command.py:426} INFO - Running <TaskInstance: my_first_dag.echo_hello manual__2024-07-07T15:13:08.786286+00:00 [running]> on host 64c03b0d339f
[2024-07-07T15:13:11.081+0000] {taskinstance.py:2648} INFO - Exporting env vars: AIRFLOW_CTX_DAG_OWNER='***' AIRFLOW_CTX_DAG_ID='my_first_dag' AIRFLOW_CTX_TASK_ID='echo_hello' AIRFLOW_CTX_EXECUTION_DATE='2024-07-07T15:13:08.786286+00:00' AIRFLOW_CTX_TRY_NUMBER='1' AIRFLOW_CTX_DAG_RUN_ID='manual__2024-07-07T15:13:08.786286+00:00'
[2024-07-07T15:13:11.085+0000] {taskinstance.py:430} INFO - ::endgroup::
[2024-07-07T15:13:11.086+0000] {subprocess.py:63} INFO - Tmp dir root location: /tmp
[2024-07-07T15:13:11.087+0000] {subprocess.py:75} INFO - Running command: ['/usr/bin/bash', '-c', "echo 'my_first_dag'"]
[2024-07-07T15:13:11.106+0000] {subprocess.py:86} INFO - Output:
[2024-07-07T15:13:11.109+0000] {subprocess.py:93} INFO - my_first_dag
[2024-07-07T15:13:11.110+0000] {subprocess.py:97} INFO - Command exited with return code 0
[2024-07-07T15:13:11.111+0000] {taskinstance.py:441} INFO - ::group::Post task execution logs
[2024-07-07T15:13:11.141+0000] {taskinstance.py:1206} INFO - Marking task as SUCCESS. dag_id=my_first_dag, task_id=echo_hello, run_id=manual__2024-07-07T15:13:08.786286+00:00, execution_date=20240707T151308, start_date=20240707T151310, end_date=20240707T151311
[2024-07-07T15:13:11.201+0000] {local_task_job_runner.py:240} INFO - Task exited with return code 0
[2024-07-07T15:13:11.220+0000] {taskinstance.py:3503} INFO - 1 downstream tasks scheduled from follow-on schedule check
[2024-07-07T15:13:11.226+0000] {local_task_job_runner.py:222} INFO - ::endgroup::
