[2024-07-07T11:32:11.690+0000] {local_task_job_runner.py:120} INFO - ::group::Pre task execution logs
[2024-07-07T11:32:11.909+0000] {taskinstance.py:2076} INFO - Dependencies all met for dep_context=non-requeueable deps ti=<TaskInstance: example_complex.create_tag_template_result manual__2024-07-07T11:31:48.695697+00:00 [queued]>
[2024-07-07T11:32:11.955+0000] {taskinstance.py:2076} INFO - Dependencies all met for dep_context=requeueable deps ti=<TaskInstance: example_complex.create_tag_template_result manual__2024-07-07T11:31:48.695697+00:00 [queued]>
[2024-07-07T11:32:11.959+0000] {taskinstance.py:2306} INFO - Starting attempt 1 of 1
[2024-07-07T11:32:12.061+0000] {taskinstance.py:2330} INFO - Executing <Task(BashOperator): create_tag_template_result> on 2024-07-07 11:31:48.695697+00:00
[2024-07-07T11:32:12.130+0000] {standard_task_runner.py:90} INFO - Running: ['***', 'tasks', 'run', 'example_complex', 'create_tag_template_result', 'manual__2024-07-07T11:31:48.695697+00:00', '--job-id', '17', '--raw', '--subdir', '/home/***/.local/lib/python3.12/site-packages/***/example_dags/example_complex.py', '--cfg-path', '/tmp/tmp34y661sm']
[2024-07-07T11:32:12.158+0000] {standard_task_runner.py:91} INFO - Job 17: Subtask create_tag_template_result
[2024-07-07T11:32:12.162+0000] {logging_mixin.py:188} WARNING - /home/***/.local/lib/python3.12/site-packages/***/task/task_runner/standard_task_runner.py:61 DeprecationWarning: This process (pid=32452) is multi-threaded, use of fork() may lead to deadlocks in the child.
[2024-07-07T11:32:12.174+0000] {standard_task_runner.py:63} INFO - Started process 32473 to run task
[2024-07-07T11:32:12.413+0000] {task_command.py:426} INFO - Running <TaskInstance: example_complex.create_tag_template_result manual__2024-07-07T11:31:48.695697+00:00 [running]> on host 64c03b0d339f
[2024-07-07T11:32:12.978+0000] {taskinstance.py:2648} INFO - Exporting env vars: AIRFLOW_CTX_DAG_OWNER='***' AIRFLOW_CTX_DAG_ID='example_complex' AIRFLOW_CTX_TASK_ID='create_tag_template_result' AIRFLOW_CTX_EXECUTION_DATE='2024-07-07T11:31:48.695697+00:00' AIRFLOW_CTX_TRY_NUMBER='1' AIRFLOW_CTX_DAG_RUN_ID='manual__2024-07-07T11:31:48.695697+00:00'
[2024-07-07T11:32:12.984+0000] {taskinstance.py:430} INFO - ::endgroup::
[2024-07-07T11:32:12.994+0000] {subprocess.py:63} INFO - Tmp dir root location: /tmp
[2024-07-07T11:32:13.001+0000] {subprocess.py:75} INFO - Running command: ['/usr/bin/bash', '-c', 'echo create_tag_template_result']
[2024-07-07T11:32:13.157+0000] {subprocess.py:86} INFO - Output:
[2024-07-07T11:32:13.212+0000] {subprocess.py:93} INFO - create_tag_template_result
[2024-07-07T11:32:13.212+0000] {subprocess.py:97} INFO - Command exited with return code 0
[2024-07-07T11:32:13.213+0000] {taskinstance.py:441} INFO - ::group::Post task execution logs
[2024-07-07T11:32:13.290+0000] {taskinstance.py:1206} INFO - Marking task as SUCCESS. dag_id=example_complex, task_id=create_tag_template_result, run_id=manual__2024-07-07T11:31:48.695697+00:00, execution_date=20240707T113148, start_date=20240707T113211, end_date=20240707T113213
[2024-07-07T11:32:13.436+0000] {local_task_job_runner.py:240} INFO - Task exited with return code 0
[2024-07-07T11:32:13.448+0000] {local_task_job_runner.py:222} INFO - ::endgroup::
