[2024-07-07T11:31:54.865+0000] {local_task_job_runner.py:120} INFO - ::group::Pre task execution logs
[2024-07-07T11:31:54.987+0000] {taskinstance.py:2076} INFO - Dependencies all met for dep_context=non-requeueable deps ti=<TaskInstance: example_complex.create_entry_group_result2 manual__2024-07-07T11:31:48.695697+00:00 [queued]>
[2024-07-07T11:31:55.006+0000] {taskinstance.py:2076} INFO - Dependencies all met for dep_context=requeueable deps ti=<TaskInstance: example_complex.create_entry_group_result2 manual__2024-07-07T11:31:48.695697+00:00 [queued]>
[2024-07-07T11:31:55.010+0000] {taskinstance.py:2306} INFO - Starting attempt 1 of 1
[2024-07-07T11:31:55.031+0000] {taskinstance.py:2330} INFO - Executing <Task(BashOperator): create_entry_group_result2> on 2024-07-07 11:31:48.695697+00:00
[2024-07-07T11:31:55.052+0000] {logging_mixin.py:188} WARNING - /home/***/.local/lib/python3.12/site-packages/***/task/task_runner/standard_task_runner.py:61 DeprecationWarning: This process (pid=32236) is multi-threaded, use of fork() may lead to deadlocks in the child.
[2024-07-07T11:31:55.057+0000] {standard_task_runner.py:63} INFO - Started process 32264 to run task
[2024-07-07T11:31:55.056+0000] {standard_task_runner.py:90} INFO - Running: ['***', 'tasks', 'run', 'example_complex', 'create_entry_group_result2', 'manual__2024-07-07T11:31:48.695697+00:00', '--job-id', '5', '--raw', '--subdir', '/home/***/.local/lib/python3.12/site-packages/***/example_dags/example_complex.py', '--cfg-path', '/tmp/tmpkzgptjph']
[2024-07-07T11:31:55.065+0000] {standard_task_runner.py:91} INFO - Job 5: Subtask create_entry_group_result2
[2024-07-07T11:31:55.169+0000] {task_command.py:426} INFO - Running <TaskInstance: example_complex.create_entry_group_result2 manual__2024-07-07T11:31:48.695697+00:00 [running]> on host 64c03b0d339f
[2024-07-07T11:31:55.337+0000] {taskinstance.py:2648} INFO - Exporting env vars: AIRFLOW_CTX_DAG_OWNER='***' AIRFLOW_CTX_DAG_ID='example_complex' AIRFLOW_CTX_TASK_ID='create_entry_group_result2' AIRFLOW_CTX_EXECUTION_DATE='2024-07-07T11:31:48.695697+00:00' AIRFLOW_CTX_TRY_NUMBER='1' AIRFLOW_CTX_DAG_RUN_ID='manual__2024-07-07T11:31:48.695697+00:00'
[2024-07-07T11:31:55.343+0000] {taskinstance.py:430} INFO - ::endgroup::
[2024-07-07T11:31:55.344+0000] {subprocess.py:63} INFO - Tmp dir root location: /tmp
[2024-07-07T11:31:55.345+0000] {subprocess.py:75} INFO - Running command: ['/usr/bin/bash', '-c', 'echo create_entry_group_result2']
[2024-07-07T11:31:55.373+0000] {subprocess.py:86} INFO - Output:
[2024-07-07T11:31:55.376+0000] {subprocess.py:93} INFO - create_entry_group_result2
[2024-07-07T11:31:55.377+0000] {subprocess.py:97} INFO - Command exited with return code 0
[2024-07-07T11:31:55.378+0000] {taskinstance.py:441} INFO - ::group::Post task execution logs
[2024-07-07T11:31:55.413+0000] {taskinstance.py:1206} INFO - Marking task as SUCCESS. dag_id=example_complex, task_id=create_entry_group_result2, run_id=manual__2024-07-07T11:31:48.695697+00:00, execution_date=20240707T113148, start_date=20240707T113154, end_date=20240707T113155
[2024-07-07T11:31:55.444+0000] {local_task_job_runner.py:240} INFO - Task exited with return code 0
[2024-07-07T11:31:55.460+0000] {taskinstance.py:3503} INFO - 0 downstream tasks scheduled from follow-on schedule check
[2024-07-07T11:31:55.467+0000] {local_task_job_runner.py:222} INFO - ::endgroup::
