[2024-07-07T15:16:18.701+0000] {local_task_job_runner.py:120} INFO - ::group::Pre task execution logs
[2024-07-07T15:16:18.727+0000] {taskinstance.py:2076} INFO - Dependencies all met for dep_context=non-requeueable deps ti=<TaskInstance: my_first_dag.say_hello manual__2024-07-07T15:16:13.203480+00:00 [queued]>
[2024-07-07T15:16:18.732+0000] {taskinstance.py:2076} INFO - Dependencies all met for dep_context=requeueable deps ti=<TaskInstance: my_first_dag.say_hello manual__2024-07-07T15:16:13.203480+00:00 [queued]>
[2024-07-07T15:16:18.732+0000] {taskinstance.py:2306} INFO - Starting attempt 1 of 1
[2024-07-07T15:16:18.747+0000] {taskinstance.py:2330} INFO - Executing <Task(PythonOperator): say_hello> on 2024-07-07 15:16:13.203480+00:00
[2024-07-07T15:16:18.757+0000] {logging_mixin.py:188} WARNING - /home/***/.local/lib/python3.12/site-packages/***/task/task_runner/standard_task_runner.py:61 DeprecationWarning: This process (pid=149818) is multi-threaded, use of fork() may lead to deadlocks in the child.
[2024-07-07T15:16:18.756+0000] {standard_task_runner.py:90} INFO - Running: ['***', 'tasks', 'run', 'my_first_dag', 'say_hello', 'manual__2024-07-07T15:16:13.203480+00:00', '--job-id', '58', '--raw', '--subdir', 'DAGS_FOLDER/my_first_dag.py', '--cfg-path', '/tmp/tmpwulv8b7t']
[2024-07-07T15:16:18.758+0000] {standard_task_runner.py:91} INFO - Job 58: Subtask say_hello
[2024-07-07T15:16:18.758+0000] {standard_task_runner.py:63} INFO - Started process 149835 to run task
[2024-07-07T15:16:18.797+0000] {task_command.py:426} INFO - Running <TaskInstance: my_first_dag.say_hello manual__2024-07-07T15:16:13.203480+00:00 [running]> on host 64c03b0d339f
[2024-07-07T15:16:18.860+0000] {taskinstance.py:2648} INFO - Exporting env vars: AIRFLOW_CTX_DAG_OWNER='***' AIRFLOW_CTX_DAG_ID='my_first_dag' AIRFLOW_CTX_TASK_ID='say_hello' AIRFLOW_CTX_EXECUTION_DATE='2024-07-07T15:16:13.203480+00:00' AIRFLOW_CTX_TRY_NUMBER='1' AIRFLOW_CTX_DAG_RUN_ID='manual__2024-07-07T15:16:13.203480+00:00'
[2024-07-07T15:16:18.861+0000] {taskinstance.py:430} INFO - ::endgroup::
[2024-07-07T15:16:18.862+0000] {taskinstance.py:441} INFO - ::group::Post task execution logs
[2024-07-07T15:16:18.862+0000] {taskinstance.py:2905} ERROR - Task failed with exception
Traceback (most recent call last):
  File "/home/airflow/.local/lib/python3.12/site-packages/airflow/models/taskinstance.py", line 465, in _execute_task
    result = _execute_callable(context=context, **execute_callable_kwargs)
             ^^^^^^^^^^^^^^^^^^^^^^^^^^^^^^^^^^^^^^^^^^^^^^^^^^^^^^^^^^^^^
  File "/home/airflow/.local/lib/python3.12/site-packages/airflow/models/taskinstance.py", line 432, in _execute_callable
    return execute_callable(context=context, **execute_callable_kwargs)
           ^^^^^^^^^^^^^^^^^^^^^^^^^^^^^^^^^^^^^^^^^^^^^^^^^^^^^^^^^^^^
  File "/home/airflow/.local/lib/python3.12/site-packages/airflow/models/baseoperator.py", line 401, in wrapper
    return func(self, *args, **kwargs)
           ^^^^^^^^^^^^^^^^^^^^^^^^^^^
  File "/home/airflow/.local/lib/python3.12/site-packages/airflow/operators/python.py", line 235, in execute
    return_value = self.execute_callable()
                   ^^^^^^^^^^^^^^^^^^^^^^^
  File "/home/airflow/.local/lib/python3.12/site-packages/airflow/operators/python.py", line 252, in execute_callable
    return self.python_callable(*self.op_args, **self.op_kwargs)
           ^^^^^^^^^^^^^^^^^^^^^^^^^^^^^^^^^^^^^^^^^^^^^^^^^^^^^
  File "/opt/airflow/dags/my_first_dag.py", line 9, in _say_hello
    logging.debug("This is DEBUG log")
    ^^^^^^^
NameError: name 'logging' is not defined. Did you forget to import 'logging'
[2024-07-07T15:16:18.870+0000] {taskinstance.py:1206} INFO - Marking task as FAILED. dag_id=my_first_dag, task_id=say_hello, run_id=manual__2024-07-07T15:16:13.203480+00:00, execution_date=20240707T151613, start_date=20240707T151618, end_date=20240707T151618
[2024-07-07T15:16:18.882+0000] {standard_task_runner.py:110} ERROR - Failed to execute job 58 for task say_hello (name 'logging' is not defined; 149835)
[2024-07-07T15:16:18.894+0000] {local_task_job_runner.py:240} INFO - Task exited with return code 1
[2024-07-07T15:16:18.911+0000] {taskinstance.py:3503} INFO - 0 downstream tasks scheduled from follow-on schedule check
[2024-07-07T15:16:18.920+0000] {local_task_job_runner.py:222} INFO - ::endgroup::
