[2024-07-22T13:36:02.448+0000] {local_task_job_runner.py:120} INFO - ::group::Pre task execution logs
[2024-07-22T13:36:02.481+0000] {taskinstance.py:2076} INFO - Dependencies all met for dep_context=non-requeueable deps ti=<TaskInstance: neon_pj.query manual__2024-07-22T13:36:00.537938+00:00 [queued]>
[2024-07-22T13:36:02.487+0000] {taskinstance.py:2076} INFO - Dependencies all met for dep_context=requeueable deps ti=<TaskInstance: neon_pj.query manual__2024-07-22T13:36:00.537938+00:00 [queued]>
[2024-07-22T13:36:02.487+0000] {taskinstance.py:2306} INFO - Starting attempt 1 of 1
[2024-07-22T13:36:02.502+0000] {taskinstance.py:2330} INFO - Executing <Task(PythonOperator): query> on 2024-07-22 13:36:00.537938+00:00
[2024-07-22T13:36:02.510+0000] {standard_task_runner.py:90} INFO - Running: ['***', 'tasks', 'run', 'neon_pj', 'query', 'manual__2024-07-22T13:36:00.537938+00:00', '--job-id', '4', '--raw', '--subdir', 'DAGS_FOLDER/neon_pj.py', '--cfg-path', '/tmp/tmpe7cr4kmp']
[2024-07-22T13:36:02.513+0000] {standard_task_runner.py:91} INFO - Job 4: Subtask query
[2024-07-22T13:36:02.514+0000] {logging_mixin.py:188} WARNING - /home/***/.local/lib/python3.12/site-packages/***/task/task_runner/standard_task_runner.py:61 DeprecationWarning: This process (pid=37032) is multi-threaded, use of fork() may lead to deadlocks in the child.
[2024-07-22T13:36:02.515+0000] {standard_task_runner.py:63} INFO - Started process 37054 to run task
[2024-07-22T13:36:02.555+0000] {task_command.py:426} INFO - Running <TaskInstance: neon_pj.query manual__2024-07-22T13:36:00.537938+00:00 [running]> on host 3c53d9be62d8
[2024-07-22T13:36:02.628+0000] {taskinstance.py:2648} INFO - Exporting env vars: AIRFLOW_CTX_DAG_OWNER='***' AIRFLOW_CTX_DAG_ID='neon_pj' AIRFLOW_CTX_TASK_ID='query' AIRFLOW_CTX_EXECUTION_DATE='2024-07-22T13:36:00.537938+00:00' AIRFLOW_CTX_TRY_NUMBER='1' AIRFLOW_CTX_DAG_RUN_ID='manual__2024-07-22T13:36:00.537938+00:00'
[2024-07-22T13:36:02.630+0000] {taskinstance.py:430} INFO - ::endgroup::
[2024-07-22T13:36:02.636+0000] {base.py:84} INFO - Using connection ID 'neon_pj' for task execution.
[2024-07-22T13:36:03.112+0000] {logging_mixin.py:188} INFO - (2564, 'ปทุมธานี', 565341)
[2024-07-22T13:36:03.112+0000] {logging_mixin.py:188} INFO - (2565, 'นนทบุรี', 134960)
[2024-07-22T13:36:03.113+0000] {python.py:237} INFO - Done. Returned value was: None
[2024-07-22T13:36:03.113+0000] {taskinstance.py:441} INFO - ::group::Post task execution logs
[2024-07-22T13:36:03.120+0000] {taskinstance.py:1206} INFO - Marking task as SUCCESS. dag_id=neon_pj, task_id=query, run_id=manual__2024-07-22T13:36:00.537938+00:00, execution_date=20240722T133600, start_date=20240722T133602, end_date=20240722T133603
[2024-07-22T13:36:03.173+0000] {local_task_job_runner.py:240} INFO - Task exited with return code 0
[2024-07-22T13:36:03.184+0000] {logging_mixin.py:188} WARNING - /home/***/.local/lib/python3.12/site-packages/***/models/baseoperator.py:1297 AirflowProviderDeprecationWarning: Call to deprecated class PostgresOperator. (Please use `***.providers.common.sql.operators.sql.SQLExecuteQueryOperator`.Also, you can provide `hook_params={'schema': <database>}`.)
[2024-07-22T13:36:03.197+0000] {taskinstance.py:3503} INFO - 1 downstream tasks scheduled from follow-on schedule check
[2024-07-22T13:36:03.208+0000] {local_task_job_runner.py:222} INFO - ::endgroup::
