[2024-07-07T11:32:25.776+0000] {local_task_job_runner.py:120} INFO - ::group::Pre task execution logs
[2024-07-07T11:32:25.926+0000] {taskinstance.py:2076} INFO - Dependencies all met for dep_context=non-requeueable deps ti=<TaskInstance: example_complex.update_tag manual__2024-07-07T11:31:48.695697+00:00 [queued]>
[2024-07-07T11:32:25.959+0000] {taskinstance.py:2076} INFO - Dependencies all met for dep_context=requeueable deps ti=<TaskInstance: example_complex.update_tag manual__2024-07-07T11:31:48.695697+00:00 [queued]>
[2024-07-07T11:32:25.960+0000] {taskinstance.py:2306} INFO - Starting attempt 1 of 1
[2024-07-07T11:32:26.013+0000] {taskinstance.py:2330} INFO - Executing <Task(BashOperator): update_tag> on 2024-07-07 11:31:48.695697+00:00
[2024-07-07T11:32:26.075+0000] {standard_task_runner.py:90} INFO - Running: ['***', 'tasks', 'run', 'example_complex', 'update_tag', 'manual__2024-07-07T11:31:48.695697+00:00', '--job-id', '28', '--raw', '--subdir', '/home/***/.local/lib/python3.12/site-packages/***/example_dags/example_complex.py', '--cfg-path', '/tmp/tmpe7azexyu']
[2024-07-07T11:32:26.091+0000] {standard_task_runner.py:91} INFO - Job 28: Subtask update_tag
[2024-07-07T11:32:26.108+0000] {logging_mixin.py:188} WARNING - /home/***/.local/lib/python3.12/site-packages/***/task/task_runner/standard_task_runner.py:61 DeprecationWarning: This process (pid=32547) is multi-threaded, use of fork() may lead to deadlocks in the child.
[2024-07-07T11:32:26.111+0000] {standard_task_runner.py:63} INFO - Started process 32621 to run task
[2024-07-07T11:32:26.247+0000] {task_command.py:426} INFO - Running <TaskInstance: example_complex.update_tag manual__2024-07-07T11:31:48.695697+00:00 [running]> on host 64c03b0d339f
[2024-07-07T11:32:26.693+0000] {taskinstance.py:2648} INFO - Exporting env vars: AIRFLOW_CTX_DAG_OWNER='***' AIRFLOW_CTX_DAG_ID='example_complex' AIRFLOW_CTX_TASK_ID='update_tag' AIRFLOW_CTX_EXECUTION_DATE='2024-07-07T11:31:48.695697+00:00' AIRFLOW_CTX_TRY_NUMBER='1' AIRFLOW_CTX_DAG_RUN_ID='manual__2024-07-07T11:31:48.695697+00:00'
[2024-07-07T11:32:26.695+0000] {taskinstance.py:430} INFO - ::endgroup::
[2024-07-07T11:32:26.696+0000] {subprocess.py:63} INFO - Tmp dir root location: /tmp
[2024-07-07T11:32:26.697+0000] {subprocess.py:75} INFO - Running command: ['/usr/bin/bash', '-c', 'echo update_tag']
[2024-07-07T11:32:26.725+0000] {subprocess.py:86} INFO - Output:
[2024-07-07T11:32:26.732+0000] {subprocess.py:93} INFO - update_tag
[2024-07-07T11:32:26.743+0000] {subprocess.py:97} INFO - Command exited with return code 0
[2024-07-07T11:32:26.744+0000] {taskinstance.py:441} INFO - ::group::Post task execution logs
[2024-07-07T11:32:26.881+0000] {taskinstance.py:1206} INFO - Marking task as SUCCESS. dag_id=example_complex, task_id=update_tag, run_id=manual__2024-07-07T11:31:48.695697+00:00, execution_date=20240707T113148, start_date=20240707T113225, end_date=20240707T113226
[2024-07-07T11:32:27.011+0000] {local_task_job_runner.py:240} INFO - Task exited with return code 0
[2024-07-07T11:32:27.031+0000] {local_task_job_runner.py:222} INFO - ::endgroup::
