[2024-07-07T15:03:21.612+0000] {local_task_job_runner.py:120} INFO - ::group::Pre task execution logs
[2024-07-07T15:03:21.646+0000] {taskinstance.py:2076} INFO - Dependencies all met for dep_context=non-requeueable deps ti=<TaskInstance: my_first_dag.echo_hello manual__2024-07-07T15:03:18.486193+00:00 [queued]>
[2024-07-07T15:03:21.654+0000] {taskinstance.py:2076} INFO - Dependencies all met for dep_context=requeueable deps ti=<TaskInstance: my_first_dag.echo_hello manual__2024-07-07T15:03:18.486193+00:00 [queued]>
[2024-07-07T15:03:21.655+0000] {taskinstance.py:2306} INFO - Starting attempt 1 of 1
[2024-07-07T15:03:21.680+0000] {taskinstance.py:2330} INFO - Executing <Task(BashOperator): echo_hello> on 2024-07-07 15:03:18.486193+00:00
[2024-07-07T15:03:21.692+0000] {logging_mixin.py:188} WARNING - /home/***/.local/lib/python3.12/site-packages/***/task/task_runner/standard_task_runner.py:61 DeprecationWarning: This process (pid=142805) is multi-threaded, use of fork() may lead to deadlocks in the child.
[2024-07-07T15:03:21.694+0000] {standard_task_runner.py:63} INFO - Started process 142810 to run task
[2024-07-07T15:03:21.698+0000] {standard_task_runner.py:90} INFO - Running: ['***', 'tasks', 'run', 'my_first_dag', 'echo_hello', 'manual__2024-07-07T15:03:18.486193+00:00', '--job-id', '46', '--raw', '--subdir', 'DAGS_FOLDER/my_first_dag.py', '--cfg-path', '/tmp/tmpdisfn2ak']
[2024-07-07T15:03:21.699+0000] {standard_task_runner.py:91} INFO - Job 46: Subtask echo_hello
[2024-07-07T15:03:21.752+0000] {task_command.py:426} INFO - Running <TaskInstance: my_first_dag.echo_hello manual__2024-07-07T15:03:18.486193+00:00 [running]> on host 64c03b0d339f
[2024-07-07T15:03:21.850+0000] {taskinstance.py:2648} INFO - Exporting env vars: AIRFLOW_CTX_DAG_OWNER='***' AIRFLOW_CTX_DAG_ID='my_first_dag' AIRFLOW_CTX_TASK_ID='echo_hello' AIRFLOW_CTX_EXECUTION_DATE='2024-07-07T15:03:18.486193+00:00' AIRFLOW_CTX_TRY_NUMBER='1' AIRFLOW_CTX_DAG_RUN_ID='manual__2024-07-07T15:03:18.486193+00:00'
[2024-07-07T15:03:21.852+0000] {taskinstance.py:430} INFO - ::endgroup::
[2024-07-07T15:03:21.853+0000] {subprocess.py:63} INFO - Tmp dir root location: /tmp
[2024-07-07T15:03:21.853+0000] {subprocess.py:75} INFO - Running command: ['/usr/bin/bash', '-c', "echo 'my_first_dag'"]
[2024-07-07T15:03:21.871+0000] {subprocess.py:86} INFO - Output:
[2024-07-07T15:03:21.874+0000] {subprocess.py:93} INFO - my_first_dag
[2024-07-07T15:03:21.878+0000] {subprocess.py:97} INFO - Command exited with return code 0
[2024-07-07T15:03:21.879+0000] {taskinstance.py:441} INFO - ::group::Post task execution logs
[2024-07-07T15:03:21.931+0000] {taskinstance.py:1206} INFO - Marking task as SUCCESS. dag_id=my_first_dag, task_id=echo_hello, run_id=manual__2024-07-07T15:03:18.486193+00:00, execution_date=20240707T150318, start_date=20240707T150321, end_date=20240707T150321
[2024-07-07T15:03:21.999+0000] {local_task_job_runner.py:240} INFO - Task exited with return code 0
[2024-07-07T15:03:22.013+0000] {taskinstance.py:3503} INFO - 0 downstream tasks scheduled from follow-on schedule check
[2024-07-07T15:03:22.019+0000] {local_task_job_runner.py:222} INFO - ::endgroup::
