[2024-07-22T13:50:23.304+0000] {local_task_job_runner.py:120} INFO - ::group::Pre task execution logs
[2024-07-22T13:50:23.328+0000] {taskinstance.py:2076} INFO - Dependencies all met for dep_context=non-requeueable deps ti=<TaskInstance: neon_pj.summarize manual__2024-07-22T13:36:00.537938+00:00 [queued]>
[2024-07-22T13:50:23.334+0000] {taskinstance.py:2076} INFO - Dependencies all met for dep_context=requeueable deps ti=<TaskInstance: neon_pj.summarize manual__2024-07-22T13:36:00.537938+00:00 [queued]>
[2024-07-22T13:50:23.334+0000] {taskinstance.py:2306} INFO - Starting attempt 1 of 1
[2024-07-22T13:50:23.347+0000] {taskinstance.py:2330} INFO - Executing <Task(PostgresOperator): summarize> on 2024-07-22 13:36:00.537938+00:00
[2024-07-22T13:50:23.357+0000] {standard_task_runner.py:90} INFO - Running: ['***', 'tasks', 'run', 'neon_pj', 'summarize', 'manual__2024-07-22T13:36:00.537938+00:00', '--job-id', '10', '--raw', '--subdir', 'DAGS_FOLDER/neon_pj.py', '--cfg-path', '/tmp/tmp_5j9itgm']
[2024-07-22T13:50:23.359+0000] {standard_task_runner.py:91} INFO - Job 10: Subtask summarize
[2024-07-22T13:50:23.361+0000] {logging_mixin.py:188} WARNING - /home/***/.local/lib/python3.12/site-packages/***/task/task_runner/standard_task_runner.py:61 DeprecationWarning: This process (pid=45202) is multi-threaded, use of fork() may lead to deadlocks in the child.
[2024-07-22T13:50:23.362+0000] {standard_task_runner.py:63} INFO - Started process 45209 to run task
[2024-07-22T13:50:23.397+0000] {task_command.py:426} INFO - Running <TaskInstance: neon_pj.summarize manual__2024-07-22T13:36:00.537938+00:00 [running]> on host 3c53d9be62d8
[2024-07-22T13:50:23.470+0000] {taskinstance.py:2648} INFO - Exporting env vars: AIRFLOW_CTX_DAG_OWNER='***' AIRFLOW_CTX_DAG_ID='neon_pj' AIRFLOW_CTX_TASK_ID='summarize' AIRFLOW_CTX_EXECUTION_DATE='2024-07-22T13:36:00.537938+00:00' AIRFLOW_CTX_TRY_NUMBER='1' AIRFLOW_CTX_DAG_RUN_ID='manual__2024-07-22T13:36:00.537938+00:00'
[2024-07-22T13:50:23.472+0000] {taskinstance.py:430} INFO - ::endgroup::
[2024-07-22T13:50:23.472+0000] {sql.py:276} INFO - Executing: 
            create or replace view chickens_summary
            as
                select
                    year,
                    
                    avg(number_of_chickens) as avg_number_of_chickens
            from staging_chickens
            group by year
            
[2024-07-22T13:50:23.478+0000] {base.py:84} INFO - Using connection ID 'neon_pj' for task execution.
[2024-07-22T13:50:23.483+0000] {base.py:84} INFO - Using connection ID 'neon_pj' for task execution.
[2024-07-22T13:50:23.606+0000] {sql.py:487} INFO - Running statement: 
            create or replace view chickens_summary
            as
                select
                    year,
                    
                    avg(number_of_chickens) as avg_number_of_chickens
            from staging_chickens
            group by year
            , parameters: None
[2024-07-22T13:50:23.637+0000] {taskinstance.py:441} INFO - ::group::Post task execution logs
[2024-07-22T13:50:23.644+0000] {taskinstance.py:1206} INFO - Marking task as SUCCESS. dag_id=neon_pj, task_id=summarize, run_id=manual__2024-07-22T13:36:00.537938+00:00, execution_date=20240722T133600, start_date=20240722T135023, end_date=20240722T135023
[2024-07-22T13:50:23.696+0000] {local_task_job_runner.py:240} INFO - Task exited with return code 0
[2024-07-22T13:50:23.708+0000] {taskinstance.py:3503} INFO - 0 downstream tasks scheduled from follow-on schedule check
[2024-07-22T13:50:23.717+0000] {local_task_job_runner.py:222} INFO - ::endgroup::
