[2024-07-07T11:32:03.281+0000] {local_task_job_runner.py:120} INFO - ::group::Pre task execution logs
[2024-07-07T11:32:03.641+0000] {taskinstance.py:2076} INFO - Dependencies all met for dep_context=non-requeueable deps ti=<TaskInstance: example_complex.lookup_entry manual__2024-07-07T11:31:48.695697+00:00 [queued]>
[2024-07-07T11:32:03.691+0000] {taskinstance.py:2076} INFO - Dependencies all met for dep_context=requeueable deps ti=<TaskInstance: example_complex.lookup_entry manual__2024-07-07T11:31:48.695697+00:00 [queued]>
[2024-07-07T11:32:03.694+0000] {taskinstance.py:2306} INFO - Starting attempt 1 of 1
[2024-07-07T11:32:03.778+0000] {taskinstance.py:2330} INFO - Executing <Task(BashOperator): lookup_entry> on 2024-07-07 11:31:48.695697+00:00
[2024-07-07T11:32:03.873+0000] {standard_task_runner.py:90} INFO - Running: ['***', 'tasks', 'run', 'example_complex', 'lookup_entry', 'manual__2024-07-07T11:31:48.695697+00:00', '--job-id', '10', '--raw', '--subdir', '/home/***/.local/lib/python3.12/site-packages/***/example_dags/example_complex.py', '--cfg-path', '/tmp/tmpb2yttn7f']
[2024-07-07T11:32:03.910+0000] {standard_task_runner.py:91} INFO - Job 10: Subtask lookup_entry
[2024-07-07T11:32:03.913+0000] {logging_mixin.py:188} WARNING - /home/***/.local/lib/python3.12/site-packages/***/task/task_runner/standard_task_runner.py:61 DeprecationWarning: This process (pid=32271) is multi-threaded, use of fork() may lead to deadlocks in the child.
[2024-07-07T11:32:03.927+0000] {standard_task_runner.py:63} INFO - Started process 32384 to run task
[2024-07-07T11:32:04.170+0000] {task_command.py:426} INFO - Running <TaskInstance: example_complex.lookup_entry manual__2024-07-07T11:31:48.695697+00:00 [running]> on host 64c03b0d339f
[2024-07-07T11:32:04.785+0000] {taskinstance.py:2648} INFO - Exporting env vars: AIRFLOW_CTX_DAG_OWNER='***' AIRFLOW_CTX_DAG_ID='example_complex' AIRFLOW_CTX_TASK_ID='lookup_entry' AIRFLOW_CTX_EXECUTION_DATE='2024-07-07T11:31:48.695697+00:00' AIRFLOW_CTX_TRY_NUMBER='1' AIRFLOW_CTX_DAG_RUN_ID='manual__2024-07-07T11:31:48.695697+00:00'
[2024-07-07T11:32:04.788+0000] {taskinstance.py:430} INFO - ::endgroup::
[2024-07-07T11:32:04.795+0000] {subprocess.py:63} INFO - Tmp dir root location: /tmp
[2024-07-07T11:32:04.803+0000] {subprocess.py:75} INFO - Running command: ['/usr/bin/bash', '-c', 'echo lookup_entry']
[2024-07-07T11:32:04.927+0000] {subprocess.py:86} INFO - Output:
[2024-07-07T11:32:04.937+0000] {subprocess.py:93} INFO - lookup_entry
[2024-07-07T11:32:04.946+0000] {subprocess.py:97} INFO - Command exited with return code 0
[2024-07-07T11:32:04.947+0000] {taskinstance.py:441} INFO - ::group::Post task execution logs
[2024-07-07T11:32:05.021+0000] {taskinstance.py:1206} INFO - Marking task as SUCCESS. dag_id=example_complex, task_id=lookup_entry, run_id=manual__2024-07-07T11:31:48.695697+00:00, execution_date=20240707T113148, start_date=20240707T113203, end_date=20240707T113205
[2024-07-07T11:32:05.128+0000] {local_task_job_runner.py:240} INFO - Task exited with return code 0
[2024-07-07T11:32:05.264+0000] {taskinstance.py:3503} INFO - 1 downstream tasks scheduled from follow-on schedule check
[2024-07-07T11:32:05.277+0000] {local_task_job_runner.py:222} INFO - ::endgroup::
