[2024-07-22T13:42:55.825+0000] {local_task_job_runner.py:120} INFO - ::group::Pre task execution logs
[2024-07-22T13:42:55.849+0000] {taskinstance.py:2076} INFO - Dependencies all met for dep_context=non-requeueable deps ti=<TaskInstance: neon_pj.rename_column manual__2024-07-22T13:36:00.537938+00:00 [queued]>
[2024-07-22T13:42:55.857+0000] {taskinstance.py:2076} INFO - Dependencies all met for dep_context=requeueable deps ti=<TaskInstance: neon_pj.rename_column manual__2024-07-22T13:36:00.537938+00:00 [queued]>
[2024-07-22T13:42:55.858+0000] {taskinstance.py:2306} INFO - Starting attempt 4 of 4
[2024-07-22T13:42:55.878+0000] {taskinstance.py:2330} INFO - Executing <Task(PostgresOperator): rename_column> on 2024-07-22 13:36:00.537938+00:00
[2024-07-22T13:42:55.888+0000] {standard_task_runner.py:90} INFO - Running: ['***', 'tasks', 'run', 'neon_pj', 'rename_column', 'manual__2024-07-22T13:36:00.537938+00:00', '--job-id', '8', '--raw', '--subdir', 'DAGS_FOLDER/neon_pj.py', '--cfg-path', '/tmp/tmprgcnrut0']
[2024-07-22T13:42:55.890+0000] {standard_task_runner.py:91} INFO - Job 8: Subtask rename_column
[2024-07-22T13:42:55.893+0000] {logging_mixin.py:188} WARNING - /home/***/.local/lib/python3.12/site-packages/***/task/task_runner/standard_task_runner.py:61 DeprecationWarning: This process (pid=40969) is multi-threaded, use of fork() may lead to deadlocks in the child.
[2024-07-22T13:42:55.893+0000] {standard_task_runner.py:63} INFO - Started process 40976 to run task
[2024-07-22T13:42:55.954+0000] {task_command.py:426} INFO - Running <TaskInstance: neon_pj.rename_column manual__2024-07-22T13:36:00.537938+00:00 [running]> on host 3c53d9be62d8
[2024-07-22T13:42:56.059+0000] {taskinstance.py:2648} INFO - Exporting env vars: AIRFLOW_CTX_DAG_OWNER='***' AIRFLOW_CTX_DAG_ID='neon_pj' AIRFLOW_CTX_TASK_ID='rename_column' AIRFLOW_CTX_EXECUTION_DATE='2024-07-22T13:36:00.537938+00:00' AIRFLOW_CTX_TRY_NUMBER='4' AIRFLOW_CTX_DAG_RUN_ID='manual__2024-07-22T13:36:00.537938+00:00'
[2024-07-22T13:42:56.061+0000] {taskinstance.py:430} INFO - ::endgroup::
[2024-07-22T13:42:56.061+0000] {sql.py:276} INFO - Executing: 
            create or replace view staging_chickens
            as
                select
                    year,
                    province,
                    value as number_of_chickens
            from chickens;
            
[2024-07-22T13:42:56.068+0000] {base.py:84} INFO - Using connection ID 'neon_pj' for task execution.
[2024-07-22T13:42:56.073+0000] {base.py:84} INFO - Using connection ID 'neon_pj' for task execution.
[2024-07-22T13:42:56.103+0000] {sql.py:487} INFO - Running statement: 
            create or replace view staging_chickens
            as
                select
                    year,
                    province,
                    value as number_of_chickens
            from chickens;
            , parameters: None
[2024-07-22T13:42:56.182+0000] {taskinstance.py:441} INFO - ::group::Post task execution logs
[2024-07-22T13:42:56.190+0000] {taskinstance.py:1206} INFO - Marking task as SUCCESS. dag_id=neon_pj, task_id=rename_column, run_id=manual__2024-07-22T13:36:00.537938+00:00, execution_date=20240722T133600, start_date=20240722T134255, end_date=20240722T134256
[2024-07-22T13:42:56.246+0000] {local_task_job_runner.py:240} INFO - Task exited with return code 0
[2024-07-22T13:42:56.259+0000] {taskinstance.py:3503} INFO - 0 downstream tasks scheduled from follow-on schedule check
[2024-07-22T13:42:56.264+0000] {local_task_job_runner.py:222} INFO - ::endgroup::
