[2024-07-22T13:50:20.654+0000] {local_task_job_runner.py:120} INFO - ::group::Pre task execution logs
[2024-07-22T13:50:20.695+0000] {taskinstance.py:2076} INFO - Dependencies all met for dep_context=non-requeueable deps ti=<TaskInstance: neon_pj.rename_column manual__2024-07-22T13:36:00.537938+00:00 [queued]>
[2024-07-22T13:50:20.702+0000] {taskinstance.py:2076} INFO - Dependencies all met for dep_context=requeueable deps ti=<TaskInstance: neon_pj.rename_column manual__2024-07-22T13:36:00.537938+00:00 [queued]>
[2024-07-22T13:50:20.703+0000] {taskinstance.py:2306} INFO - Starting attempt 5 of 5
[2024-07-22T13:50:20.730+0000] {taskinstance.py:2330} INFO - Executing <Task(PostgresOperator): rename_column> on 2024-07-22 13:36:00.537938+00:00
[2024-07-22T13:50:20.741+0000] {standard_task_runner.py:90} INFO - Running: ['***', 'tasks', 'run', 'neon_pj', 'rename_column', 'manual__2024-07-22T13:36:00.537938+00:00', '--job-id', '9', '--raw', '--subdir', 'DAGS_FOLDER/neon_pj.py', '--cfg-path', '/tmp/tmpawoapzny']
[2024-07-22T13:50:20.746+0000] {standard_task_runner.py:91} INFO - Job 9: Subtask rename_column
[2024-07-22T13:50:20.745+0000] {logging_mixin.py:188} WARNING - /home/***/.local/lib/python3.12/site-packages/***/task/task_runner/standard_task_runner.py:61 DeprecationWarning: This process (pid=45184) is multi-threaded, use of fork() may lead to deadlocks in the child.
[2024-07-22T13:50:20.748+0000] {standard_task_runner.py:63} INFO - Started process 45201 to run task
[2024-07-22T13:50:20.786+0000] {task_command.py:426} INFO - Running <TaskInstance: neon_pj.rename_column manual__2024-07-22T13:36:00.537938+00:00 [running]> on host 3c53d9be62d8
[2024-07-22T13:50:20.856+0000] {taskinstance.py:2648} INFO - Exporting env vars: AIRFLOW_CTX_DAG_OWNER='***' AIRFLOW_CTX_DAG_ID='neon_pj' AIRFLOW_CTX_TASK_ID='rename_column' AIRFLOW_CTX_EXECUTION_DATE='2024-07-22T13:36:00.537938+00:00' AIRFLOW_CTX_TRY_NUMBER='5' AIRFLOW_CTX_DAG_RUN_ID='manual__2024-07-22T13:36:00.537938+00:00'
[2024-07-22T13:50:20.858+0000] {taskinstance.py:430} INFO - ::endgroup::
[2024-07-22T13:50:20.858+0000] {sql.py:276} INFO - Executing: 
            create or replace view staging_chickens
            as
                select
                    year,
                    province,
                    value as number_of_chickens
            from chickens
            
[2024-07-22T13:50:20.868+0000] {base.py:84} INFO - Using connection ID 'neon_pj' for task execution.
[2024-07-22T13:50:20.875+0000] {base.py:84} INFO - Using connection ID 'neon_pj' for task execution.
[2024-07-22T13:50:21.309+0000] {sql.py:487} INFO - Running statement: 
            create or replace view staging_chickens
            as
                select
                    year,
                    province,
                    value as number_of_chickens
            from chickens
            , parameters: None
[2024-07-22T13:50:21.336+0000] {taskinstance.py:441} INFO - ::group::Post task execution logs
[2024-07-22T13:50:21.343+0000] {taskinstance.py:1206} INFO - Marking task as SUCCESS. dag_id=neon_pj, task_id=rename_column, run_id=manual__2024-07-22T13:36:00.537938+00:00, execution_date=20240722T133600, start_date=20240722T135020, end_date=20240722T135021
[2024-07-22T13:50:21.405+0000] {local_task_job_runner.py:240} INFO - Task exited with return code 0
[2024-07-22T13:50:21.416+0000] {logging_mixin.py:188} WARNING - /home/***/.local/lib/python3.12/site-packages/***/models/baseoperator.py:1297 AirflowProviderDeprecationWarning: Call to deprecated class PostgresOperator. (Please use `***.providers.common.sql.operators.sql.SQLExecuteQueryOperator`.Also, you can provide `hook_params={'schema': <database>}`.)
[2024-07-22T13:50:21.428+0000] {taskinstance.py:3503} INFO - 1 downstream tasks scheduled from follow-on schedule check
[2024-07-22T13:50:21.437+0000] {local_task_job_runner.py:222} INFO - ::endgroup::
