[2024-07-07T11:32:18.051+0000] {local_task_job_runner.py:120} INFO - ::group::Pre task execution logs
[2024-07-07T11:32:18.173+0000] {taskinstance.py:2076} INFO - Dependencies all met for dep_context=non-requeueable deps ti=<TaskInstance: example_complex.update_tag_template_field manual__2024-07-07T11:31:48.695697+00:00 [queued]>
[2024-07-07T11:32:18.254+0000] {taskinstance.py:2076} INFO - Dependencies all met for dep_context=requeueable deps ti=<TaskInstance: example_complex.update_tag_template_field manual__2024-07-07T11:31:48.695697+00:00 [queued]>
[2024-07-07T11:32:18.255+0000] {taskinstance.py:2306} INFO - Starting attempt 1 of 1
[2024-07-07T11:32:18.356+0000] {taskinstance.py:2330} INFO - Executing <Task(BashOperator): update_tag_template_field> on 2024-07-07 11:31:48.695697+00:00
[2024-07-07T11:32:18.396+0000] {logging_mixin.py:188} WARNING - /home/***/.local/lib/python3.12/site-packages/***/task/task_runner/standard_task_runner.py:61 DeprecationWarning: This process (pid=32489) is multi-threaded, use of fork() may lead to deadlocks in the child.
[2024-07-07T11:32:18.398+0000] {standard_task_runner.py:63} INFO - Started process 32531 to run task
[2024-07-07T11:32:18.400+0000] {standard_task_runner.py:90} INFO - Running: ['***', 'tasks', 'run', 'example_complex', 'update_tag_template_field', 'manual__2024-07-07T11:31:48.695697+00:00', '--job-id', '24', '--raw', '--subdir', '/home/***/.local/lib/python3.12/site-packages/***/example_dags/example_complex.py', '--cfg-path', '/tmp/tmpj6amdcs_']
[2024-07-07T11:32:18.402+0000] {standard_task_runner.py:91} INFO - Job 24: Subtask update_tag_template_field
[2024-07-07T11:32:18.603+0000] {task_command.py:426} INFO - Running <TaskInstance: example_complex.update_tag_template_field manual__2024-07-07T11:31:48.695697+00:00 [running]> on host 64c03b0d339f
[2024-07-07T11:32:18.802+0000] {taskinstance.py:2648} INFO - Exporting env vars: AIRFLOW_CTX_DAG_OWNER='***' AIRFLOW_CTX_DAG_ID='example_complex' AIRFLOW_CTX_TASK_ID='update_tag_template_field' AIRFLOW_CTX_EXECUTION_DATE='2024-07-07T11:31:48.695697+00:00' AIRFLOW_CTX_TRY_NUMBER='1' AIRFLOW_CTX_DAG_RUN_ID='manual__2024-07-07T11:31:48.695697+00:00'
[2024-07-07T11:32:18.803+0000] {taskinstance.py:430} INFO - ::endgroup::
[2024-07-07T11:32:18.808+0000] {subprocess.py:63} INFO - Tmp dir root location: /tmp
[2024-07-07T11:32:18.809+0000] {subprocess.py:75} INFO - Running command: ['/usr/bin/bash', '-c', 'echo update_tag_template_field']
[2024-07-07T11:32:18.878+0000] {subprocess.py:86} INFO - Output:
[2024-07-07T11:32:18.885+0000] {subprocess.py:93} INFO - update_tag_template_field
[2024-07-07T11:32:18.886+0000] {subprocess.py:97} INFO - Command exited with return code 0
[2024-07-07T11:32:18.886+0000] {taskinstance.py:441} INFO - ::group::Post task execution logs
[2024-07-07T11:32:18.929+0000] {taskinstance.py:1206} INFO - Marking task as SUCCESS. dag_id=example_complex, task_id=update_tag_template_field, run_id=manual__2024-07-07T11:31:48.695697+00:00, execution_date=20240707T113148, start_date=20240707T113218, end_date=20240707T113218
[2024-07-07T11:32:18.987+0000] {local_task_job_runner.py:240} INFO - Task exited with return code 0
[2024-07-07T11:32:19.014+0000] {taskinstance.py:3503} INFO - 1 downstream tasks scheduled from follow-on schedule check
[2024-07-07T11:32:19.020+0000] {local_task_job_runner.py:222} INFO - ::endgroup::
